mode: set
esep/grade-calculator/grade_calculator.go:25.37,27.2 1 0
esep/grade-calculator/grade_calculator.go:35.44,41.2 1 1
esep/grade-calculator/grade_calculator.go:43.51,47.26 2 1
esep/grade-calculator/grade_calculator.go:47.26,49.3 1 1
esep/grade-calculator/grade_calculator.go:49.8,49.33 1 1
esep/grade-calculator/grade_calculator.go:49.33,51.3 1 1
esep/grade-calculator/grade_calculator.go:51.8,51.33 1 0
esep/grade-calculator/grade_calculator.go:51.33,53.3 1 0
esep/grade-calculator/grade_calculator.go:53.8,53.33 1 0
esep/grade-calculator/grade_calculator.go:53.33,55.3 1 0
esep/grade-calculator/grade_calculator.go:57.2,57.12 1 0
esep/grade-calculator/grade_calculator.go:60.82,61.19 1 1
esep/grade-calculator/grade_calculator.go:62.18,65.57 2 1
esep/grade-calculator/grade_calculator.go:72.12,77.5 1 1
esep/grade-calculator/grade_calculator.go:78.13,83.5 1 1
esep/grade-calculator/grade_calculator.go:87.58,97.2 5 1
esep/grade-calculator/grade_calculator.go:99.41,104.35 2 1
esep/grade-calculator/grade_calculator.go:104.35,109.3 1 1
esep/grade-calculator/grade_calculator.go:111.2,111.26 1 1
